<?xml version="1.0" encoding="UTF-8"?>
<!-- Generated by org.testng.reporters.JUnitReportReporter -->
<testsuite hostname="DESKTOP-90LHJ1B" failures="0" tests="4" name="TestNGFramework.Login" time="7.874" errors="0" timestamp="2022-01-06T18:34:28 IST" skipped="0">
  <testcase classname="TestNGFramework.Login" name="VerifyTitle" time="0.015"/>
  <system-out/>
  <testcase classname="TestNGFramework.Login" name="LoginClick" time="3.085"/>
  <system-out/>
  <testcase classname="TestNGFramework.Login" name="RegisterUserviaEmail" time="4.272"/>
  <system-out/>
  <testcase classname="TestNGFramework.Login" name="LoginEmail" time="0.502"/>
  <system-out/>
</testsuite> <!-- TestNGFramework.Login -->
